<?xml version="1.0" encoding="UTF-8"?>
<testsuite xmlns:xsi="http://www.w3.org/2001/XMLSchema-instance" xsi:noNamespaceSchemaLocation="https://maven.apache.org/surefire/maven-surefire-plugin/xsd/surefire-test-report.xsd" name="com.sa.barrenland.AppTest" time="85.127" tests="4" errors="0" skipped="0" failures="0">
  <properties>
    <property name="java.specification.version" value="13"/>
    <property name="sun.jnu.encoding" value="UTF-8"/>
    <property name="java.class.path" value="/Users/shubhaviarya/Desktop/Courses/UMN/spring 2020/target case study/barrenland/target/test-classes:/Users/shubhaviarya/Desktop/Courses/UMN/spring 2020/target case study/barrenland/target/classes:/Users/shubhaviarya/.m2/repository/junit/junit/4.11/junit-4.11.jar:/Users/shubhaviarya/.m2/repository/org/hamcrest/hamcrest-core/1.3/hamcrest-core-1.3.jar:"/>
    <property name="java.vm.vendor" value="Oracle Corporation"/>
    <property name="sun.arch.data.model" value="64"/>
    <property name="java.vendor.url" value="https://openjdk.java.net/"/>
    <property name="os.name" value="Mac OS X"/>
    <property name="java.vm.specification.version" value="13"/>
    <property name="sun.java.launcher" value="SUN_STANDARD"/>
    <property name="user.country" value="US"/>
    <property name="sun.boot.library.path" value="/usr/local/Cellar/openjdk/13.0.2+8_2/libexec/openjdk.jdk/Contents/Home/lib"/>
    <property name="sun.java.command" value="/Users/shubhaviarya/Desktop/Courses/UMN/spring 2020/target case study/barrenland/target/surefire/surefirebooter11976557714899947002.jar /Users/shubhaviarya/Desktop/Courses/UMN/spring 2020/target case study/barrenland/target/surefire 2020-02-27T19-09-15_841-jvmRun1 surefire15114565263276825713tmp surefire_0703634923481593461tmp"/>
    <property name="http.nonProxyHosts" value="local|*.local|169.254/16|*.169.254/16"/>
    <property name="jdk.debug" value="release"/>
    <property name="surefire.test.class.path" value="/Users/shubhaviarya/Desktop/Courses/UMN/spring 2020/target case study/barrenland/target/test-classes:/Users/shubhaviarya/Desktop/Courses/UMN/spring 2020/target case study/barrenland/target/classes:/Users/shubhaviarya/.m2/repository/junit/junit/4.11/junit-4.11.jar:/Users/shubhaviarya/.m2/repository/org/hamcrest/hamcrest-core/1.3/hamcrest-core-1.3.jar:"/>
    <property name="sun.cpu.endian" value="little"/>
    <property name="user.home" value="/Users/shubhaviarya"/>
    <property name="user.language" value="en"/>
    <property name="java.specification.vendor" value="Oracle Corporation"/>
    <property name="java.version.date" value="2020-01-14"/>
    <property name="java.home" value="/usr/local/Cellar/openjdk/13.0.2+8_2/libexec/openjdk.jdk/Contents/Home"/>
    <property name="file.separator" value="/"/>
    <property name="basedir" value="/Users/shubhaviarya/Desktop/Courses/UMN/spring 2020/target case study/barrenland"/>
    <property name="java.vm.compressedOopsMode" value="Zero based"/>
    <property name="line.separator" value="&#10;"/>
    <property name="java.specification.name" value="Java Platform API Specification"/>
    <property name="java.vm.specification.vendor" value="Oracle Corporation"/>
    <property name="surefire.real.class.path" value="/Users/shubhaviarya/Desktop/Courses/UMN/spring 2020/target case study/barrenland/target/surefire/surefirebooter11976557714899947002.jar"/>
    <property name="sun.management.compiler" value="HotSpot 64-Bit Tiered Compilers"/>
    <property name="ftp.nonProxyHosts" value="local|*.local|169.254/16|*.169.254/16"/>
    <property name="java.runtime.version" value="13.0.2+8"/>
    <property name="user.name" value="shubhaviarya"/>
    <property name="path.separator" value=":"/>
    <property name="os.version" value="10.15.1"/>
    <property name="java.runtime.name" value="OpenJDK Runtime Environment"/>
    <property name="file.encoding" value="UTF-8"/>
    <property name="java.vm.name" value="OpenJDK 64-Bit Server VM"/>
    <property name="localRepository" value="/Users/shubhaviarya/.m2/repository"/>
    <property name="java.vendor.url.bug" value="https://bugreport.java.com/bugreport/"/>
    <property name="java.io.tmpdir" value="/var/folders/qz/vhlmgpmx72l3w_2thmqysssr0000gp/T/"/>
    <property name="java.version" value="13.0.2"/>
    <property name="user.dir" value="/Users/shubhaviarya/Desktop/Courses/UMN/spring 2020/target case study/barrenland"/>
    <property name="os.arch" value="x86_64"/>
    <property name="java.vm.specification.name" value="Java Virtual Machine Specification"/>
    <property name="java.library.path" value="/Users/shubhaviarya/Library/Java/Extensions:/Library/Java/Extensions:/Network/Library/Java/Extensions:/System/Library/Java/Extensions:/usr/lib/java:."/>
    <property name="java.vm.info" value="mixed mode, sharing"/>
    <property name="java.vendor" value="N/A"/>
    <property name="java.vm.version" value="13.0.2+8"/>
    <property name="sun.io.unicode.encoding" value="UnicodeBig"/>
    <property name="socksNonProxyHosts" value="local|*.local|169.254/16|*.169.254/16"/>
    <property name="java.class.version" value="57.0"/>
  </properties>
  <testcase name="testMain" classname="com.sa.barrenland.AppTest" time="0.003"/>
  <testcase name="testFindFertile" classname="com.sa.barrenland.AppTest" time="12.028"/>
  <testcase name="testFindFertile2" classname="com.sa.barrenland.AppTest" time="72.581"/>
  <testcase name="testFindFertile4" classname="com.sa.barrenland.AppTest" time="0.393"/>
</testsuite>